<?xml version="1.0" encoding="UTF-8"?>
<!-- Generated by org.testng.reporters.JUnitReportReporter -->
<testsuite hostname="LAPTOP-QBSO2D0N" name="runner.TestRunner" tests="1" failures="0" timestamp="8 Dec 2020 08:15:42 GMT" time="20.558" errors="0">
  <testcase name="feature" time="20.558" classname="runner.TestRunner"/>
</testsuite> <!-- runner.TestRunner -->
